<?xml version="1.0" encoding="UTF-8"?>
<!-- Generated by org.testng.reporters.JUnitReportReporter -->
<testsuite skipped="0" hostname="LAPTOP-G176N8GQ" name="com.nopcommerce.demo.testsuite.TopMenuPageTest" tests="3" failures="0" timestamp="2022-12-13T17:17:42 GMT" time="15.515" errors="0">
  <testcase name="verifyUserShouldNavigateToElectronics" time="6.331" classname="com.nopcommerce.demo.testsuite.TopMenuPageTest"/>
  <system-out>
    <![CDATA[Verify electronics text[[ChromeDriver: chrome on WINDOWS (b5b47fdf81684b87209ca406adfa9487)] -> xpath: //a[@href='/electronics']]]]>
  </system-out>
  <testcase name="verifyUserShouldNavigateToComputer" time="4.320" classname="com.nopcommerce.demo.testsuite.TopMenuPageTest"/>
  <system-out>
    <![CDATA[Verify Computer text[[ChromeDriver: chrome on WINDOWS (5b18fc3356027a120e0ba6eb3cbafcd3)] -> xpath: //a[@href='/computers']]]]>
  </system-out>
  <testcase name="verifyUserShouldNavigateToApparel" time="4.864" classname="com.nopcommerce.demo.testsuite.TopMenuPageTest"/>
  <system-out>
    <![CDATA[Verify apparel text[[ChromeDriver: chrome on WINDOWS (bedf34ac7ec3de455800d7e9ba00f49b)] -> xpath: //a[@href='/apparel']]]]>
  </system-out>
</testsuite> <!-- com.nopcommerce.demo.testsuite.TopMenuPageTest -->
