<?xml version="1.0" encoding="UTF-8"?>
<!-- Generated by org.testng.reporters.JUnitReportReporter -->
<testsuite skipped="0" hostname="LAPTOP-G176N8GQ" name="com.nopcommerce.demo.testsuite.ComputerPageTest" tests="2" failures="0" timestamp="2022-12-13T17:28:09 GMT" time="36.118" errors="0">
  <testcase name="verifyProductArrangeInAlphabeticalOrder" time="7.952" classname="com.nopcommerce.demo.testsuite.ComputerPageTest"/>
  <system-out>
    <![CDATA[Click on computer menu[[ChromeDriver: chrome on WINDOWS (667e8c2f2ae1a165f527c74488c7abe4)] -> xpath: //ul[1]/li/a[text()='Computers ']]
Click on desktops[[ChromeDriver: chrome on WINDOWS (667e8c2f2ae1a165f527c74488c7abe4)] -> xpath: //img[@alt='Picture for category Desktops']]
Select sort Z to A[[ChromeDriver: chrome on WINDOWS (667e8c2f2ae1a165f527c74488c7abe4)] -> name: products-orderby]]]>
  </system-out>
  <testcase name="verifyProductAddedToShoppingCartSuccessFully" time="28.166" classname="com.nopcommerce.demo.testsuite.ComputerPageTest"/>
  <system-out>
    <![CDATA[Click on computer menu[[ChromeDriver: chrome on WINDOWS (8b0c21f79b8da745a53703375d4ed4ac)] -> xpath: //ul[1]/li/a[text()='Computers ']]
Click on desktops[[ChromeDriver: chrome on WINDOWS (8b0c21f79b8da745a53703375d4ed4ac)] -> xpath: //img[@alt='Picture for category Desktops']]
Select sort Z to A[[ChromeDriver: chrome on WINDOWS (8b0c21f79b8da745a53703375d4ed4ac)] -> name: products-orderby]
CLick on add to cart button[[ChromeDriver: chrome on WINDOWS (8b0c21f79b8da745a53703375d4ed4ac)] -> xpath: //body/div[6]/div[3]/div[1]/div[3]/div[1]/div[2]/div[2]/div[2]/div[1]/div[1]/div[1]/div[1]/div[2]/div[3]/div[2]/button[1]]
Get build your own computer text[[ChromeDriver: chrome on WINDOWS (8b0c21f79b8da745a53703375d4ed4ac)] -> xpath: //h1[text()='Build your own computer']]
Select processor[[ChromeDriver: chrome on WINDOWS (8b0c21f79b8da745a53703375d4ed4ac)] -> name: product_attribute_1]
Select ram[[ChromeDriver: chrome on WINDOWS (8b0c21f79b8da745a53703375d4ed4ac)] -> name: product_attribute_2]
Select hdd[[ChromeDriver: chrome on WINDOWS (8b0c21f79b8da745a53703375d4ed4ac)] -> id: product_attribute_3_7]
Select vista premium Os[[ChromeDriver: chrome on WINDOWS (8b0c21f79b8da745a53703375d4ed4ac)] -> id: product_attribute_4_9]
Click on total command[[ChromeDriver: chrome on WINDOWS (8b0c21f79b8da745a53703375d4ed4ac)] -> id: product_attribute_5_12]
Get price[[ChromeDriver: chrome on WINDOWS (8b0c21f79b8da745a53703375d4ed4ac)] -> id: price-value-1]
Click on add to cart[[ChromeDriver: chrome on WINDOWS (8b0c21f79b8da745a53703375d4ed4ac)] -> id: add-to-cart-button-1]
Get product added text[[ChromeDriver: chrome on WINDOWS (8b0c21f79b8da745a53703375d4ed4ac)] -> xpath: //body/div[@id='bar-notification']/div[1]/p[1]]
Click on close button[[ChromeDriver: chrome on WINDOWS (8b0c21f79b8da745a53703375d4ed4ac)] -> xpath: //span[@class='close']]
Mouse hover on shopping cart[[ChromeDriver: chrome on WINDOWS (8b0c21f79b8da745a53703375d4ed4ac)] -> xpath: //span[@class='cart-label']]
Click on go to cart button[[ChromeDriver: chrome on WINDOWS (8b0c21f79b8da745a53703375d4ed4ac)] -> xpath: //button[contains(text(),'Go to cart')]]
Get shopping cart text[[ChromeDriver: chrome on WINDOWS (8b0c21f79b8da745a53703375d4ed4ac)] -> xpath: //h1[text()='Shopping cart']]
Change quantity[[ChromeDriver: chrome on WINDOWS (8b0c21f79b8da745a53703375d4ed4ac)] -> xpath: //input[@value='1']]
Click on update cart[[ChromeDriver: chrome on WINDOWS (8b0c21f79b8da745a53703375d4ed4ac)] -> id: updatecart]
Get total[[ChromeDriver: chrome on WINDOWS (8b0c21f79b8da745a53703375d4ed4ac)] -> xpath: //tbody/tr[1]/td[6]/span[1]]
Click on check box[[ChromeDriver: chrome on WINDOWS (8b0c21f79b8da745a53703375d4ed4ac)] -> id: termsofservice]
Click on checkout button[[ChromeDriver: chrome on WINDOWS (8b0c21f79b8da745a53703375d4ed4ac)] -> id: checkout]
Get welcome text[[ChromeDriver: chrome on WINDOWS (8b0c21f79b8da745a53703375d4ed4ac)] -> xpath: //h1[text()='Welcome, Please Sign In!']]
Click on checkout as guest[[ChromeDriver: chrome on WINDOWS (8b0c21f79b8da745a53703375d4ed4ac)] -> xpath: //button[@class='button-1 checkout-as-guest-button']]
Enter first name[[ChromeDriver: chrome on WINDOWS (8b0c21f79b8da745a53703375d4ed4ac)] -> id: BillingNewAddress_FirstName]
Enter last name[[ChromeDriver: chrome on WINDOWS (8b0c21f79b8da745a53703375d4ed4ac)] -> id: BillingNewAddress_LastName]
Enter email id[[ChromeDriver: chrome on WINDOWS (8b0c21f79b8da745a53703375d4ed4ac)] -> id: BillingNewAddress_Email]
Select country[[ChromeDriver: chrome on WINDOWS (8b0c21f79b8da745a53703375d4ed4ac)] -> id: BillingNewAddress_CountryId]
Select city[[ChromeDriver: chrome on WINDOWS (8b0c21f79b8da745a53703375d4ed4ac)] -> id: BillingNewAddress_City]
Enter address[[ChromeDriver: chrome on WINDOWS (8b0c21f79b8da745a53703375d4ed4ac)] -> id: BillingNewAddress_Address1]
Enter postcode[[ChromeDriver: chrome on WINDOWS (8b0c21f79b8da745a53703375d4ed4ac)] -> id: BillingNewAddress_ZipPostalCode]
Enter phone number[[ChromeDriver: chrome on WINDOWS (8b0c21f79b8da745a53703375d4ed4ac)] -> id: BillingNewAddress_PhoneNumber]
Click on continue button[[ChromeDriver: chrome on WINDOWS (8b0c21f79b8da745a53703375d4ed4ac)] -> name: save]
Click on next day button[[ChromeDriver: chrome on WINDOWS (8b0c21f79b8da745a53703375d4ed4ac)] -> id: shippingoption_1]
Click on continue[[ChromeDriver: chrome on WINDOWS (8b0c21f79b8da745a53703375d4ed4ac)] -> xpath: //button[@onclick='ShippingMethod.save()']]
CLick on credit card radio button[[ChromeDriver: chrome on WINDOWS (8b0c21f79b8da745a53703375d4ed4ac)] -> id: paymentmethod_1]
Click on continue[[ChromeDriver: chrome on WINDOWS (8b0c21f79b8da745a53703375d4ed4ac)] -> xpath: //li[4]/div[2]/div[1]/button[1]]
Select master card[[ChromeDriver: chrome on WINDOWS (8b0c21f79b8da745a53703375d4ed4ac)] -> id: CreditCardType]
Enter card holder name[[ChromeDriver: chrome on WINDOWS (8b0c21f79b8da745a53703375d4ed4ac)] -> id: CardholderName]
Enter card number[[ChromeDriver: chrome on WINDOWS (8b0c21f79b8da745a53703375d4ed4ac)] -> id: CardNumber]
Select expire month[[ChromeDriver: chrome on WINDOWS (8b0c21f79b8da745a53703375d4ed4ac)] -> id: ExpireMonth]
Select expire year[[ChromeDriver: chrome on WINDOWS (8b0c21f79b8da745a53703375d4ed4ac)] -> id: ExpireYear]
Enter card code[[ChromeDriver: chrome on WINDOWS (8b0c21f79b8da745a53703375d4ed4ac)] -> id: CardCode]
Click on continue button[[ChromeDriver: chrome on WINDOWS (8b0c21f79b8da745a53703375d4ed4ac)] -> xpath: //li[5]/div[2]/div[1]/button[1]]
Get credit card text[[ChromeDriver: chrome on WINDOWS (8b0c21f79b8da745a53703375d4ed4ac)] -> xpath: //span[contains(text(),'Credit Card')]]
Get next day air text[[ChromeDriver: chrome on WINDOWS (8b0c21f79b8da745a53703375d4ed4ac)] -> xpath: //body/div[6]/div[3]/div[1]/div[1]/div[1]/div[2]/ol[1]/li[6]/div[2]/div[1]/div[1]/div[1]/div[1]/div[1]/div[2]/div[2]/ul[1]/li[1]/span[2]]
Click on confirm button[[ChromeDriver: chrome on WINDOWS (8b0c21f79b8da745a53703375d4ed4ac)] -> xpath: //button[contains(text(),'Confirm')]]
Get thank you text[[ChromeDriver: chrome on WINDOWS (8b0c21f79b8da745a53703375d4ed4ac)] -> xpath: //h1[contains(text(),'Thank you')]]
Get success message[[ChromeDriver: chrome on WINDOWS (8b0c21f79b8da745a53703375d4ed4ac)] -> xpath: //strong[contains(text(),'Your order has been successfully processed!')]]
Click on continue button[[ChromeDriver: chrome on WINDOWS (8b0c21f79b8da745a53703375d4ed4ac)] -> xpath: //button[contains(text(),'Continue')]]
Get welcome to store text[[ChromeDriver: chrome on WINDOWS (8b0c21f79b8da745a53703375d4ed4ac)] -> xpath: //h2[contains(text(),'Welcome to our store')]]]]>
  </system-out>
</testsuite> <!-- com.nopcommerce.demo.testsuite.ComputerPageTest -->
