<?xml version="1.0" encoding="UTF-8"?>
<!-- Generated by org.testng.reporters.JUnitReportReporter -->
<testsuite skipped="0" hostname="LAPTOP-G176N8GQ" name="com.nopcommerce.demo.testsuite.ElectronicsPageTest" tests="2" failures="0" timestamp="2022-12-13T17:23:18 GMT" time="45.300" errors="0">
  <testcase name="verifyUserShouldNavigateToCellPhonesPageSuccessfully" time="8.397" classname="com.nopcommerce.demo.testsuite.ElectronicsPageTest"/>
  <system-out>
    <![CDATA[Hover on electronic[[ChromeDriver: chrome on WINDOWS (52a26922851306266c837a95795efd52)] -> xpath: //a[text()='Electronics ']]
Click on cell phones[[ChromeDriver: chrome on WINDOWS (52a26922851306266c837a95795efd52)] -> xpath: //ul[1]/li[2]/ul[1]/li[2]/a[1]]
Get cell phone text[[ChromeDriver: chrome on WINDOWS (52a26922851306266c837a95795efd52)] -> xpath: //h1[text()='Cell phones']]]]>
  </system-out>
  <testcase name="verifyThatTheProductAddedSuccessfullyAndPlaceOrderSuccessfully" time="36.903" classname="com.nopcommerce.demo.testsuite.ElectronicsPageTest"/>
  <system-out>
    <![CDATA[Hover on electronic[[ChromeDriver: chrome on WINDOWS (f436cf98c319060a944fe22c2ec32b9f)] -> xpath: //a[text()='Electronics ']]
Click on cell phones[[ChromeDriver: chrome on WINDOWS (f436cf98c319060a944fe22c2ec32b9f)] -> xpath: //ul[1]/li[2]/ul[1]/li[2]/a[1]]
Get cell phone text[[ChromeDriver: chrome on WINDOWS (f436cf98c319060a944fe22c2ec32b9f)] -> xpath: //h1[text()='Cell phones']]
Click on list view tab[[ChromeDriver: chrome on WINDOWS (f436cf98c319060a944fe22c2ec32b9f)] -> xpath: //a[contains(text(),'List')]]
Click on nokia lumia product[[ChromeDriver: chrome on WINDOWS (f436cf98c319060a944fe22c2ec32b9f)] -> xpath: //div[3]/div[1]/div[2]/h2[1]/a]
Verify nokia lumia text[[ChromeDriver: chrome on WINDOWS (f436cf98c319060a944fe22c2ec32b9f)] -> xpath: //h1[text()='Nokia Lumia 1020']]
Verify price[[ChromeDriver: chrome on WINDOWS (f436cf98c319060a944fe22c2ec32b9f)] -> id: price-value-20]
Change quantity[[ChromeDriver: chrome on WINDOWS (f436cf98c319060a944fe22c2ec32b9f)] -> name: addtocart_20.EnteredQuantity]
Click on add to cart[[ChromeDriver: chrome on WINDOWS (f436cf98c319060a944fe22c2ec32b9f)] -> id: add-to-cart-button-20]
Verify product added in shopping cart text[[ChromeDriver: chrome on WINDOWS (f436cf98c319060a944fe22c2ec32b9f)] -> xpath: //body/div[@id='bar-notification']/div[1]/p[1]]
Click on close button[[ChromeDriver: chrome on WINDOWS (f436cf98c319060a944fe22c2ec32b9f)] -> xpath: //span[@title='Close']]
Mouse hover on shopping cart[[ChromeDriver: chrome on WINDOWS (f436cf98c319060a944fe22c2ec32b9f)] -> xpath: //span[text()='Shopping cart']]
Click on go to cart[[ChromeDriver: chrome on WINDOWS (f436cf98c319060a944fe22c2ec32b9f)] -> xpath: //button[text()='Go to cart']]
Verify shopping cart text[[ChromeDriver: chrome on WINDOWS (f436cf98c319060a944fe22c2ec32b9f)] -> xpath: //h1[text()='Shopping cart']]
Verify quantity[[ChromeDriver: chrome on WINDOWS (f436cf98c319060a944fe22c2ec32b9f)] -> xpath: //span[contains(text(),'(2)')]]
Verify total[[ChromeDriver: chrome on WINDOWS (f436cf98c319060a944fe22c2ec32b9f)] -> xpath: //tbody/tr[1]/td[6]/span[1]]
Click on check box[[ChromeDriver: chrome on WINDOWS (f436cf98c319060a944fe22c2ec32b9f)] -> id: termsofservice]
Click on checkout button[[ChromeDriver: chrome on WINDOWS (f436cf98c319060a944fe22c2ec32b9f)] -> id: checkout]
Verify welcome message[[ChromeDriver: chrome on WINDOWS (f436cf98c319060a944fe22c2ec32b9f)] -> xpath: //h1[text()='Welcome, Please Sign In!']]
Click on register tab[[ChromeDriver: chrome on WINDOWS (f436cf98c319060a944fe22c2ec32b9f)] -> xpath: //button[text()='Register']]
Verify register text[[ChromeDriver: chrome on WINDOWS (f436cf98c319060a944fe22c2ec32b9f)] -> xpath: //h1[text()='Register']]
Click on gender[[ChromeDriver: chrome on WINDOWS (f436cf98c319060a944fe22c2ec32b9f)] -> id: gender-male]
Enter first name[[ChromeDriver: chrome on WINDOWS (f436cf98c319060a944fe22c2ec32b9f)] -> id: FirstName]
Enter last name[[ChromeDriver: chrome on WINDOWS (f436cf98c319060a944fe22c2ec32b9f)] -> id: LastName]
Select day[[ChromeDriver: chrome on WINDOWS (f436cf98c319060a944fe22c2ec32b9f)] -> name: DateOfBirthDay]
Select month[[ChromeDriver: chrome on WINDOWS (f436cf98c319060a944fe22c2ec32b9f)] -> name: DateOfBirthMonth]
Select year[[ChromeDriver: chrome on WINDOWS (f436cf98c319060a944fe22c2ec32b9f)] -> name: DateOfBirthYear]
Enter email[[ChromeDriver: chrome on WINDOWS (f436cf98c319060a944fe22c2ec32b9f)] -> id: Email]
Enter password[[ChromeDriver: chrome on WINDOWS (f436cf98c319060a944fe22c2ec32b9f)] -> id: Password]
Enter confirm password[[ChromeDriver: chrome on WINDOWS (f436cf98c319060a944fe22c2ec32b9f)] -> id: ConfirmPassword]
Click on registration button[[ChromeDriver: chrome on WINDOWS (f436cf98c319060a944fe22c2ec32b9f)] -> id: register-button]
Verify registration text[[ChromeDriver: chrome on WINDOWS (f436cf98c319060a944fe22c2ec32b9f)] -> xpath: //div[text()='Your registration completed']]
Click on continue tab[[ChromeDriver: chrome on WINDOWS (f436cf98c319060a944fe22c2ec32b9f)] -> xpath: //a[text()='Continue']]
Check shopping cart text[[ChromeDriver: chrome on WINDOWS (f436cf98c319060a944fe22c2ec32b9f)] -> xpath: //h1[text()='Shopping cart']]
Select country[[ChromeDriver: chrome on WINDOWS (f436cf98c319060a944fe22c2ec32b9f)] -> id: BillingNewAddress_CountryId]
Select city[[ChromeDriver: chrome on WINDOWS (f436cf98c319060a944fe22c2ec32b9f)] -> id: BillingNewAddress_City]
Enter address[[ChromeDriver: chrome on WINDOWS (f436cf98c319060a944fe22c2ec32b9f)] -> id: BillingNewAddress_Address1]
Enter postcode[[ChromeDriver: chrome on WINDOWS (f436cf98c319060a944fe22c2ec32b9f)] -> id: BillingNewAddress_ZipPostalCode]
Enter phone number[[ChromeDriver: chrome on WINDOWS (f436cf98c319060a944fe22c2ec32b9f)] -> id: BillingNewAddress_PhoneNumber]
Click on continue button[[ChromeDriver: chrome on WINDOWS (f436cf98c319060a944fe22c2ec32b9f)] -> xpath: //div/button[4]]
Click on 2nd day air button[[ChromeDriver: chrome on WINDOWS (f436cf98c319060a944fe22c2ec32b9f)] -> id: shippingoption_2]
Click on continue button[[ChromeDriver: chrome on WINDOWS (f436cf98c319060a944fe22c2ec32b9f)] -> xpath: //form/div[2]/button[1]]
Select credit card radio button[[ChromeDriver: chrome on WINDOWS (f436cf98c319060a944fe22c2ec32b9f)] -> id: paymentmethod_1]
Click on continue[[ChromeDriver: chrome on WINDOWS (f436cf98c319060a944fe22c2ec32b9f)] -> xpath: //li[4]/div[2]/div[1]/button[1]]
Select visa from drop down[[ChromeDriver: chrome on WINDOWS (f436cf98c319060a944fe22c2ec32b9f)] -> id: CreditCardType]
Enter card holder name[[ChromeDriver: chrome on WINDOWS (f436cf98c319060a944fe22c2ec32b9f)] -> id: CardholderName]
Enter card number[[ChromeDriver: chrome on WINDOWS (f436cf98c319060a944fe22c2ec32b9f)] -> id: CardNumber]
Select expire month[[ChromeDriver: chrome on WINDOWS (f436cf98c319060a944fe22c2ec32b9f)] -> id: ExpireMonth]
Select expire year[[ChromeDriver: chrome on WINDOWS (f436cf98c319060a944fe22c2ec32b9f)] -> id: ExpireYear]
Enter card code[[ChromeDriver: chrome on WINDOWS (f436cf98c319060a944fe22c2ec32b9f)] -> id: CardCode]
Click on continue button[[ChromeDriver: chrome on WINDOWS (f436cf98c319060a944fe22c2ec32b9f)] -> xpath: //li[5]/div[2]/div[1]/button[1]]
Verify Credit card text[[ChromeDriver: chrome on WINDOWS (f436cf98c319060a944fe22c2ec32b9f)] -> xpath: //span[contains(text(),'Credit Card')]]
Verify 2nd day air text[[ChromeDriver: chrome on WINDOWS (f436cf98c319060a944fe22c2ec32b9f)] -> xpath: //div[2]/div[2]/ul[1]/li[1]/span[2]]
Verify final total[[ChromeDriver: chrome on WINDOWS (f436cf98c319060a944fe22c2ec32b9f)] -> xpath: //tbody/tr[1]/td[6]/span[1]]
Click on confirm button[[ChromeDriver: chrome on WINDOWS (f436cf98c319060a944fe22c2ec32b9f)] -> xpath: //button[contains(text(),'Confirm')]]
Verify thank you text[[ChromeDriver: chrome on WINDOWS (f436cf98c319060a944fe22c2ec32b9f)] -> xpath: //h1[contains(text(),'Thank you')]]
Verify success message[[ChromeDriver: chrome on WINDOWS (f436cf98c319060a944fe22c2ec32b9f)] -> xpath: //strong[contains(text(),'Your order has been successfully processed!')]]
Click on continue[[ChromeDriver: chrome on WINDOWS (f436cf98c319060a944fe22c2ec32b9f)] -> xpath: //button[contains(text(),'Continue')]]
Get welcome to store text[[ChromeDriver: chrome on WINDOWS (f436cf98c319060a944fe22c2ec32b9f)] -> xpath: //h2[contains(text(),'Welcome to our store')]]
Click on logout link[[ChromeDriver: chrome on WINDOWS (f436cf98c319060a944fe22c2ec32b9f)] -> xpath: //a[contains(text(),'Log out')]]]]>
  </system-out>
</testsuite> <!-- com.nopcommerce.demo.testsuite.ElectronicsPageTest -->
